<?xml version="1.0" encoding="UTF-8"?>
<!-- Generated by org.testng.reporters.JUnitReportReporter -->
<testsuite hostname="DESKTOP-1AO5130" failures="0" tests="1" name="academy.E2EProject.ValidateNavigationBar" time="2.525" errors="0" timestamp="2021-02-28T18:13:11 EST" skipped="0">
  <testcase classname="academy.E2EProject.ValidateNavigationBar" name="validateBarNavigation" time="2.525"/>
  <system-out/>
</testsuite> <!-- academy.E2EProject.ValidateNavigationBar -->
