<?xml version="1.0" encoding="UTF-8"?>
<!-- Generated by org.testng.reporters.JUnitReportReporter -->
<testsuite hostname="DESKTOP-1AO5130" failures="0" tests="2" name="academy.E2EProject.HomePage" time="18.141" errors="0" timestamp="2021-02-28T18:13:11 EST" skipped="0">
  <testcase classname="academy.E2EProject.HomePage" name="basePageNavigation" time="7.077"/>
  <system-out/>
  <testcase classname="academy.E2EProject.HomePage" name="basePageNavigation" time="11.064"/>
  <system-out/>
</testsuite> <!-- academy.E2EProject.HomePage -->
