<?xml version="1.0" encoding="UTF-8"?>
<!-- Generated by org.testng.reporters.JUnitReportReporter -->
<testsuite hostname="DESKTOP-1AO5130" failures="0" tests="2" name="academy.E2EProject.HomePage" time="20.410" errors="0" timestamp="28 Feb 2021 23:28:47 GMT">
  <testcase classname="academy.E2EProject.HomePage" name="basePageNavigation" time="7.072"/>
  <testcase classname="academy.E2EProject.HomePage" name="basePageNavigation" time="13.338"/>
</testsuite> <!-- academy.E2EProject.HomePage -->
