<?xml version="1.0" encoding="UTF-8"?>
<!-- Generated by org.testng.reporters.JUnitReportReporter -->
<testsuite hostname="DESKTOP-1AO5130" failures="0" tests="1" name="academy.E2EProject.ValidateNavigationBar" time="1.723" errors="0" timestamp="28 Feb 2021 23:28:47 GMT">
  <testcase classname="academy.E2EProject.ValidateNavigationBar" name="validateBarNavigation" time="1.723"/>
</testsuite> <!-- academy.E2EProject.ValidateNavigationBar -->
